<?xml version="1.0" encoding="UTF-8"?>
<!-- Generated by org.testng.reporters.JUnitReportReporter -->
<testsuite hostname="DESKTOP-LN0E96G" failures="0" tests="1" name="testcases.EmailSignIn" time="12.433" errors="0" timestamp="2024-02-09T10:36:02 IST" skipped="0">
  <testcase classname="testcases.EmailSignIn" name="Login" time="12.433"/>
  <system-out/>
</testsuite> <!-- testcases.EmailSignIn -->
