<?xml version="1.0" encoding="UTF-8"?>
<!-- Generated by org.testng.reporters.JUnitReportReporter -->
<testsuite hostname="DESKTOP-LN0E96G" failures="0" tests="2" name="testcases.TestCase1" time="0.018" errors="0" timestamp="2024-02-01T21:26:06 IST" skipped="0">
  <testcase classname="testcases.TestCase1" name="SignOut" time="0.014"/>
  <testcase classname="testcases.TestCase1" name="SignUp" time="0.004"/>
</testsuite> <!-- testcases.TestCase1 -->
