<?xml version="1.0" encoding="UTF-8"?>
<!-- Generated by org.testng.reporters.JUnitReportReporter -->
<testsuite hostname="DESKTOP-LN0E96G" failures="0" tests="2" name="testcases.TestCase1" time="0.018" errors="0" timestamp="2024-02-04T13:44:41 IST" skipped="0">
  <testcase classname="testcases.TestCase1" name="Search" time="0.017"/>
  <system-out/>
  <testcase classname="testcases.TestCase1" name="Buy" time="0.001"/>
  <system-out/>
</testsuite> <!-- testcases.TestCase1 -->
