<?xml version="1.0" encoding="UTF-8"?>
<!-- Generated by org.testng.reporters.JUnitReportReporter -->
<testsuite hostname="DESKTOP-LN0E96G" failures="0" tests="2" name="testcases.TestCase1" time="0.039" errors="0" timestamp="2024-02-01T22:11:54 IST" skipped="0">
  <testcase classname="testcases.TestCase1" name="Search" time="0.019"/>
  <testcase classname="testcases.TestCase1" name="Buy" time="0.020"/>
</testsuite> <!-- testcases.TestCase1 -->
