<?xml version="1.0" encoding="UTF-8"?>
<!-- Generated by org.testng.reporters.JUnitReportReporter -->
<testsuite hostname="DESKTOP-LN0E96G" failures="0" tests="1" name="testcases.TestClassSkip" time="0.013" errors="0" timestamp="2024-02-09T10:03:34 IST" skipped="1">
  <testcase classname="testcases.TestClassSkip" name="isskip" time="0.013">
    <skipped/>
  </testcase> <!-- isskip -->
  <system-out/>
</testsuite> <!-- testcases.TestClassSkip -->
