<?xml version="1.0" encoding="UTF-8"?>
<!-- Generated by org.testng.reporters.JUnitReportReporter -->
<testsuite hostname="DESKTOP-LN0E96G" failures="0" tests="2" name="testcases.TestCaseAnnotations" time="0.012" errors="0" timestamp="2024-02-01T22:11:54 IST" skipped="0">
  <testcase classname="testcases.TestCaseAnnotations" name="test2" time="0.005"/>
  <testcase classname="testcases.TestCaseAnnotations" name="test1" time="0.007"/>
</testsuite> <!-- testcases.TestCaseAnnotations -->
