<?xml version="1.0" encoding="UTF-8"?>
<!-- Generated by org.testng.reporters.JUnitReportReporter -->
<testsuite hostname="DESKTOP-LN0E96G" failures="0" tests="2" name="testcases.TestCaseAnnotations" time="0.014" errors="0" timestamp="2024-02-06T10:52:43 IST" skipped="0">
  <testcase classname="testcases.TestCaseAnnotations" name="test1" time="0.009"/>
  <system-out/>
  <testcase classname="testcases.TestCaseAnnotations" name="test2" time="0.005"/>
  <system-out/>
</testsuite> <!-- testcases.TestCaseAnnotations -->
